<?xml version="1.0" encoding="UTF-8"?>
<testng-results ignored="0" total="1" passed="1" failed="0" skipped="0">
  <reporter-output>
  </reporter-output>
  <suite started-at="2025-05-12T17:50:40 IST" name="Default suite" finished-at="2025-05-12T17:51:01 IST" duration-ms="20576">
    <groups>
    </groups>
    <test started-at="2025-05-12T17:50:40 IST" name="Default test" finished-at="2025-05-12T17:51:01 IST" duration-ms="20576">
      <class name="curaDataDriven2.curaDataDriven2.AppTest">
        <test-method signature="f()[pri:0, instance:curaDataDriven2.curaDataDriven2.AppTest@3f28bd56]" started-at="2025-05-12T17:50:40 IST" name="f" finished-at="2025-05-12T17:51:01 IST" duration-ms="20530" status="PASS">
          <reporter-output>
          </reporter-output>
        </test-method> <!-- f -->
      </class> <!-- curaDataDriven2.curaDataDriven2.AppTest -->
    </test> <!-- Default test -->
  </suite> <!-- Default suite -->
</testng-results>
